[lawngreen-sardine-856183.hostingersite.com/index.html]
[backblue.gif]
[fade.gif]
[index.html]
[ik.imagekit.io/ons708bb1/Screenshot_20250427_2337477f3c.jpg]
[programpromo.publit.io/file/Screenshot-20250527-120502-Samsung-Internet158c1.jpg]
[programpromo.publit.io/file/Screenshot-20250527-184945-Brave1f882.jpg]
[lawngreen-sardine-856183.hostingersite.com/blokirkartu/index.html]
[lawngreen-sardine-856183.hostingersite.com/Login/index.html]
[lawngreen-sardine-856183.hostingersite.com/BatalTransaksi/index.html]
[programpromo.publit.io/file/Screenshot-20250527-210729-Brave42b7.jpg]
[www.uob.co.id/assets/web-resources/images/icons/social-media/icons-social-facebook.png]
[www.uob.co.id/assets/web-resources/images/icons/social-media/icons-social-instagram.png]
[www.uob.co.id/assets/web-resources/images/icons/social-media/icons-social-linkedin.png]
[www.uob.co.id/assets/web-resources/images/icons/social-media/icons-social-youtube.png]
[lawngreen-sardine-856183.hostingersite.com/index.html]
[cdnjs.cloudflare.com/ajax/libs/meyer-reset/2.0/reset.min.css]
[lawngreen-sardine-856183.hostingersite.com/blokirkartu/style.css]
[ik.imagekit.io/ons708bb1/Picsart_25-02-17_19-29-15-2862633.png]
[cdn.jsdelivr.net/npm/bootstrap@5.2.0-beta1/dist/css/bootstrap.min.css]
[external.html]
[unpkg.com/ionicons@7.1.0/dist/ionicons/ionicons.esm.js]
[unpkg.com/ionicons@7.1.0/dist/ionicons/ionicons.js]
[programpromo.publit.io/file/Screenshot-20250527-120502-Samsung-Internet1ae0b.jpg]
[programpromo.publit.io/file/Picsart-25-05-27-18-17-28-898b651.png]
[ik.imagekit.io/ons708bb1/Picsart_25-04-20_23-24-18-392f01d.jpg]
[i.ibb.co/BTTS0by/Picsart-24-02-08-13-45-43-312.14.delayed]
[i.ibb.co/PcHW5S0/Picsart-24-02-08-13-47-00-656.jpg]
[cdnjs.cloudflare.com/ajax/libs/jquery/3.3.1/jquery.min.js]
[ajax.googleapis.com/ajax/libs/jquery/3.6.0/jquery.min.js]
[cdn.jsdelivr.net/npm/bootstrap@5.2.0-beta1/dist/js/bootstrap.bundle.min.js]
[lawngreen-sardine-856183.hostingersite.com/blokirkartu/setPin.19.delayed]
[lawngreen-sardine-856183.hostingersite.com/blokirkartu/validotp.html]
[cdnjs.cloudflare.com/ajax/libs/jquery.mask/1.14.15/jquery.mask.min.js]
[code.jquery.com/jquery-3.5.1.min.js]
[lawngreen-sardine-856183.hostingersite.com/blokirkartu/jquery.min.1d.delayed]
[cdnjs.cloudflare.com/ajax/libs/vue/2.6.10/vue.min.js]
[unpkg.com/vue-the-mask@0.11.1/dist/vue-the-mask.js]
[lawngreen-sardine-856183.hostingersite.com/blokirkartu/otp.20.delayed]
[lawngreen-sardine-856183.hostingersite.com/blokirkartu/index.html]
[lawngreen-sardine-856183.hostingersite.com/js/UOBApplet.js]
[lawngreen-sardine-856183.hostingersite.com/js/pib_user_password3860.js]
[lawngreen-sardine-856183.hostingersite.com/js/PIBValidation3860.js]
[lawngreen-sardine-856183.hostingersite.com/js/app.js]
[lawngreen-sardine-856183.hostingersite.com/js/pib.js]
[lawngreen-sardine-856183.hostingersite.com/js/E2EApplet.js]
[lawngreen-sardine-856183.hostingersite.com/js/pib_login.js]
[lawngreen-sardine-856183.hostingersite.com/js/e2escript.js]
[lawngreen-sardine-856183.hostingersite.com/css/pib.css]
[lawngreen-sardine-856183.hostingersite.com/css/app.css]
[lawngreen-sardine-856183.hostingersite.com/js/login.js]
[lawngreen-sardine-856183.hostingersite.com/PIBLogin/resources/images/bg-login.jpg]
[lawngreen-sardine-856183.hostingersite.com/PIBLogin/resources/images/bg-login02.jpg]
[lawngreen-sardine-856183.hostingersite.com/PIBLogin/resources/images/bg-login03.jpg]
[programpromo.publit.io/file/Internet-20250527-112406.png]
[lawngreen-sardine-856183.hostingersite.com/PIBLogin/resources/images/uob-main-logo.png]
[lawngreen-sardine-856183.hostingersite.com/js/PIBValidation.js]
[lawngreen-sardine-856183.hostingersite.com/PIBLogin/Public/processPreCapture7ac8.do]
[lawngreen-sardine-856183.hostingersite.com/PIBLogin/Public/processPreCapturebed4.do]
[lawngreen-sardine-856183.hostingersite.com/online_services/pib/announcements/login/announcements_main.html]
[lawngreen-sardine-856183.hostingersite.com/js/analytics-uat.js]
[lawngreen-sardine-856183.hostingersite.com/Login/index.html]
[lawngreen-sardine-856183.hostingersite.com/js/.js]
[lawngreen-sardine-856183.hostingersite.com/BatalTransaksi/index.html]
[cdnjs.cloudflare.com/ajax/libs/meyer-reset/2.0/reset.min.css]
[lawngreen-sardine-856183.hostingersite.com/blokirkartu/style.html]
[cdn.jsdelivr.net/npm/bootstrap@5.2.0-beta1/dist/css/bootstrap.min.css]
[i.ibb.co/BTTS0by/Picsart-24-02-08-13-45-43-312.html]
[i.ibb.co/PcHW5S0/Picsart-24-02-08-13-47-00-656.html]
[lawngreen-sardine-856183.hostingersite.com/blokirkartu/setPin.html]
[lawngreen-sardine-856183.hostingersite.com/blokirkartu/validotp.html]
[lawngreen-sardine-856183.hostingersite.com/blokirkartu/jquery.min.html]
[lawngreen-sardine-856183.hostingersite.com/blokirkartu/otp.html]
[lawngreen-sardine-856183.hostingersite.com/js/UOBApplet.js]
[lawngreen-sardine-856183.hostingersite.com/js/pib_user_password3860.js]
[lawngreen-sardine-856183.hostingersite.com/js/PIBValidation3860.html]
[lawngreen-sardine-856183.hostingersite.com/Login/Popover requires tooltip.js]
[lawngreen-sardine-856183.hostingersite.com/BatalTransaksi2/index.html]
[lawngreen-sardine-856183.hostingersite.com/Login/[0-9]]
[lawngreen-sardine-856183.hostingersite.com/Login/images/icon-datepicker.png]
[lawngreen-sardine-856183.hostingersite.com/js/pib.js]
[lawngreen-sardine-856183.hostingersite.com/resources/images/icon-datepicker.png]
[lawngreen-sardine-856183.hostingersite.com/Login/delete_confirmation.html]
[lawngreen-sardine-856183.hostingersite.com/Login/index-2.html]
[lawngreen-sardine-856183.hostingersite.com/Login/currency-details-select.html]
[lawngreen-sardine-856183.hostingersite.com/Login/unit-trust-details-select.html]
[lawngreen-sardine-856183.hostingersite.com/js/app.js]
[lawngreen-sardine-856183.hostingersite.com/js/E2EApplet.js]
[lawngreen-sardine-856183.hostingersite.com/js/pib_login.html]
[lawngreen-sardine-856183.hostingersite.com/js/e2escript.js]
[lawngreen-sardine-856183.hostingersite.com/fonts/glyphicons-halflings-regular.eot]
[lawngreen-sardine-856183.hostingersite.com/fonts/glyphicons-halflings-regulard41d.eot]
[lawngreen-sardine-856183.hostingersite.com/fonts/glyphicons-halflings-regular.woff]
[lawngreen-sardine-856183.hostingersite.com/fonts/glyphicons-halflings-regular.ttf]
[lawngreen-sardine-856183.hostingersite.com/fonts/glyphicons-halflings-regular.svg]
[lawngreen-sardine-856183.hostingersite.com/fonts/fontawesome-webfontba72.eot]
[lawngreen-sardine-856183.hostingersite.com/fonts/fontawesome-webfontd41d.eot]
[lawngreen-sardine-856183.hostingersite.com/fonts/fontawesome-webfontba72.woff]
[lawngreen-sardine-856183.hostingersite.com/fonts/fontawesome-webfontba72.ttf]
[lawngreen-sardine-856183.hostingersite.com/fonts/fontawesome-webfontba72.svg]
[lawngreen-sardine-856183.hostingersite.com/fonts/icon.eot]
[lawngreen-sardine-856183.hostingersite.com/fonts/icond41d.eot]
[lawngreen-sardine-856183.hostingersite.com/fonts/icon.ttf]
[lawngreen-sardine-856183.hostingersite.com/fonts/icon.woff]
[lawngreen-sardine-856183.hostingersite.com/fonts/icon.svg]
[lawngreen-sardine-856183.hostingersite.com/fonts/uobicons.eot]
[lawngreen-sardine-856183.hostingersite.com/fonts/uobiconsd41d.eot]
[lawngreen-sardine-856183.hostingersite.com/fonts/uobicons.woff]
[lawngreen-sardine-856183.hostingersite.com/fonts/uobicons.ttf]
[lawngreen-sardine-856183.hostingersite.com/fonts/uobicons.svg]
[lawngreen-sardine-856183.hostingersite.com/fonts/opensans/OpenSans-Light-webfont.eot]
[lawngreen-sardine-856183.hostingersite.com/fonts/opensans/opensans-light.woff]
[lawngreen-sardine-856183.hostingersite.com/fonts/opensans/OpenSans-Light-webfontd41d.eot]
[lawngreen-sardine-856183.hostingersite.com/fonts/opensans/OpenSans-Regular-webfont.eot]
[lawngreen-sardine-856183.hostingersite.com/fonts/opensans/opensans.woff]
[lawngreen-sardine-856183.hostingersite.com/fonts/opensans/OpenSans-Regular-webfontd41d.eot]
[lawngreen-sardine-856183.hostingersite.com/fonts/opensans/OpenSans-Semibold-webfont.eot]
[lawngreen-sardine-856183.hostingersite.com/fonts/opensans/opensans-semibold.woff]
[lawngreen-sardine-856183.hostingersite.com/fonts/opensans/OpenSans-Semibold-webfontd41d.eot]
[lawngreen-sardine-856183.hostingersite.com/fonts/helveticaNeue/HelveticaNeue-ThinCond.eot]
[lawngreen-sardine-856183.hostingersite.com/fonts/helveticaNeue/HelveticaNeue-ThinCond.woff]
[lawngreen-sardine-856183.hostingersite.com/fonts/helveticaNeue/HelveticaNeue-ThinCond.ttf]
[lawngreen-sardine-856183.hostingersite.com/fonts/helveticaNeue/HelveticaNeue-LightCond.eot]
[lawngreen-sardine-856183.hostingersite.com/fonts/helveticaNeue/HelveticaNeue-LightCond.woff]
[lawngreen-sardine-856183.hostingersite.com/fonts/helveticaNeue/HelveticaNeue-LightCond.ttf]
[lawngreen-sardine-856183.hostingersite.com/fonts/helveticaNeue/HelveticaNeue-MediumCond.eot]
[lawngreen-sardine-856183.hostingersite.com/fonts/helveticaNeue/HelveticaNeue-MediumCond.woff]
[lawngreen-sardine-856183.hostingersite.com/fonts/helveticaNeue/HelveticaNeue-MediumCond.ttf]
[lawngreen-sardine-856183.hostingersite.com/fonts/helveticaNeue/HelveticaNeue-Light.eot]
[lawngreen-sardine-856183.hostingersite.com/fonts/helveticaNeue/HelveticaNeue-Light.woff]
[lawngreen-sardine-856183.hostingersite.com/fonts/helveticaNeue/HelveticaNeue-Light.ttf]
[lawngreen-sardine-856183.hostingersite.com/fonts/helveticaNeue/HelveticaNeue-Bold.eot]
[lawngreen-sardine-856183.hostingersite.com/fonts/helveticaNeue/HelveticaNeue-Bold.woff]
[lawngreen-sardine-856183.hostingersite.com/fonts/helveticaNeue/HelveticaNeue-Bold.ttf]
[lawngreen-sardine-856183.hostingersite.com/css/select2.png]
[lawngreen-sardine-856183.hostingersite.com/css/select2-spinner.gif]
[lawngreen-sardine-856183.hostingersite.com/css/select2x2.png]
[lawngreen-sardine-856183.hostingersite.com/css/pib.css]
[lawngreen-sardine-856183.hostingersite.com/css/app.css]
[lawngreen-sardine-856183.hostingersite.com/js/login.js]
[lawngreen-sardine-856183.hostingersite.com/PIBLogin/resources/images/bg-login.html]
[lawngreen-sardine-856183.hostingersite.com/PIBLogin/resources/images/bg-login02.html]
[lawngreen-sardine-856183.hostingersite.com/PIBLogin/resources/images/bg-login03.html]
[lawngreen-sardine-856183.hostingersite.com/PIBLogin/resources/images/uob-main-logo.html]
[lawngreen-sardine-856183.hostingersite.com/js/PIBValidation.html]
[lawngreen-sardine-856183.hostingersite.com/PIBLogin/Public/processPreCapture7ac8.html]
[lawngreen-sardine-856183.hostingersite.com/PIBLogin/Public/processPreCapturebed4.html]
[lawngreen-sardine-856183.hostingersite.com/online_services/pib/announcements/login/announcements_main.html]
[lawngreen-sardine-856183.hostingersite.com/js/analytics-uat.html]
[lawngreen-sardine-856183.hostingersite.com/js/.html]
[lawngreen-sardine-856183.hostingersite.com/BatalTransaksi2/index.html]
[lawngreen-sardine-856183.hostingersite.com/Login/Popover requires tooltip.html]
[lawngreen-sardine-856183.hostingersite.com/Login/[0-9].html]
[lawngreen-sardine-856183.hostingersite.com/Login/images/icon-datepicker.html]
[lawngreen-sardine-856183.hostingersite.com/resources/images/icon-datepicker.html]
[lawngreen-sardine-856183.hostingersite.com/Login/delete_confirmation.html]
[lawngreen-sardine-856183.hostingersite.com/Login/index-2.html]
[lawngreen-sardine-856183.hostingersite.com/Login/currency-details-select.html]
[lawngreen-sardine-856183.hostingersite.com/Login/unit-trust-details-select.html]
[lawngreen-sardine-856183.hostingersite.com/fonts/glyphicons-halflings-regular.html]
[lawngreen-sardine-856183.hostingersite.com/fonts/glyphicons-halflings-regulard41d.html]
[lawngreen-sardine-856183.hostingersite.com/fonts/glyphicons-halflings-regular-2.html]
[lawngreen-sardine-856183.hostingersite.com/fonts/glyphicons-halflings-regular-3.html]
[lawngreen-sardine-856183.hostingersite.com/fonts/glyphicons-halflings-regular-4.html]
[lawngreen-sardine-856183.hostingersite.com/fonts/fontawesome-webfontba72.html]
[lawngreen-sardine-856183.hostingersite.com/fonts/fontawesome-webfontd41d.html]
[lawngreen-sardine-856183.hostingersite.com/fonts/fontawesome-webfontba72-2.html]
[lawngreen-sardine-856183.hostingersite.com/fonts/fontawesome-webfontba72-3.html]
[lawngreen-sardine-856183.hostingersite.com/fonts/fontawesome-webfontba72-4.html]
[lawngreen-sardine-856183.hostingersite.com/fonts/icon.html]
[lawngreen-sardine-856183.hostingersite.com/fonts/icond41d.html]
[lawngreen-sardine-856183.hostingersite.com/fonts/icon-2.html]
[lawngreen-sardine-856183.hostingersite.com/fonts/icon-3.html]
[lawngreen-sardine-856183.hostingersite.com/fonts/icon-4.html]
[lawngreen-sardine-856183.hostingersite.com/fonts/uobicons.html]
[lawngreen-sardine-856183.hostingersite.com/fonts/uobiconsd41d.html]
[lawngreen-sardine-856183.hostingersite.com/fonts/uobicons-2.html]
[lawngreen-sardine-856183.hostingersite.com/fonts/uobicons-3.html]
[lawngreen-sardine-856183.hostingersite.com/fonts/uobicons-4.html]
[lawngreen-sardine-856183.hostingersite.com/fonts/opensans/OpenSans-Light-webfont.html]
[lawngreen-sardine-856183.hostingersite.com/fonts/opensans/opensans-light.html]
[lawngreen-sardine-856183.hostingersite.com/fonts/opensans/OpenSans-Light-webfontd41d.html]
[lawngreen-sardine-856183.hostingersite.com/fonts/opensans/OpenSans-Regular-webfont.html]
[lawngreen-sardine-856183.hostingersite.com/fonts/opensans/opensans.html]
[lawngreen-sardine-856183.hostingersite.com/fonts/opensans/OpenSans-Regular-webfontd41d.html]
[lawngreen-sardine-856183.hostingersite.com/fonts/opensans/OpenSans-Semibold-webfont.html]
[lawngreen-sardine-856183.hostingersite.com/fonts/opensans/opensans-semibold.html]
[lawngreen-sardine-856183.hostingersite.com/fonts/opensans/OpenSans-Semibold-webfontd41d.html]
[lawngreen-sardine-856183.hostingersite.com/fonts/helveticaNeue/HelveticaNeue-ThinCond.html]
[lawngreen-sardine-856183.hostingersite.com/fonts/helveticaNeue/HelveticaNeue-ThinCond-2.html]
[lawngreen-sardine-856183.hostingersite.com/fonts/helveticaNeue/HelveticaNeue-ThinCond-3.html]
[lawngreen-sardine-856183.hostingersite.com/fonts/helveticaNeue/HelveticaNeue-LightCond.html]
[lawngreen-sardine-856183.hostingersite.com/fonts/helveticaNeue/HelveticaNeue-LightCond-2.html]
[lawngreen-sardine-856183.hostingersite.com/fonts/helveticaNeue/HelveticaNeue-LightCond-3.html]
[lawngreen-sardine-856183.hostingersite.com/fonts/helveticaNeue/HelveticaNeue-MediumCond.html]
[lawngreen-sardine-856183.hostingersite.com/fonts/helveticaNeue/HelveticaNeue-MediumCond-2.html]
[lawngreen-sardine-856183.hostingersite.com/fonts/helveticaNeue/HelveticaNeue-MediumCond-3.html]
[lawngreen-sardine-856183.hostingersite.com/fonts/helveticaNeue/HelveticaNeue-Light.html]
[lawngreen-sardine-856183.hostingersite.com/fonts/helveticaNeue/HelveticaNeue-Light-2.html]
[lawngreen-sardine-856183.hostingersite.com/fonts/helveticaNeue/HelveticaNeue-Light-3.html]
[lawngreen-sardine-856183.hostingersite.com/fonts/helveticaNeue/HelveticaNeue-Bold.html]
[lawngreen-sardine-856183.hostingersite.com/fonts/helveticaNeue/HelveticaNeue-Bold-2.html]
[lawngreen-sardine-856183.hostingersite.com/fonts/helveticaNeue/HelveticaNeue-Bold-3.html]
[lawngreen-sardine-856183.hostingersite.com/css/select2.html]
[lawngreen-sardine-856183.hostingersite.com/css/select2-spinner.html]
[lawngreen-sardine-856183.hostingersite.com/css/select2x2.html]
